Compiling the C compiler identification source file "CMakeCCompilerId.c" failed.
Compiler: /usr/bin/cc 
Build flags: 
Id flags:  

The output was:
69
objc[94646]: Class AMSupportURLConnectionDelegate is implemented in both /usr/lib/libamsupport.dylib (0x1e7eff678) and /Library/Apple/System/Library/PrivateFrameworks/MobileDevice.framework/Versions/A/MobileDevice (0x1066102c8). One of the two will be used. Which one is undefined.
objc[94646]: Class AMSupportURLSession is implemented in both /usr/lib/libamsupport.dylib (0x1e7eff6c8) and /Library/Apple/System/Library/PrivateFrameworks/MobileDevice.framework/Versions/A/MobileDevice (0x106610318). One of the two will be used. Which one is undefined.

You have not agreed to the Xcode license agreements, please run 'sudo xcodebuild -license' from within a Terminal window to review and agree to the Xcode license agreements.


Compiling the C compiler identification source file "CMakeCCompilerId.c" failed.
Compiler: /usr/bin/cc 
Build flags: 
Id flags: -c 

The output was:
69
objc[94649]: Class AMSupportURLConnectionDelegate is implemented in both /usr/lib/libamsupport.dylib (0x1e7eff678) and /Library/Apple/System/Library/PrivateFrameworks/MobileDevice.framework/Versions/A/MobileDevice (0x10a9fc2c8). One of the two will be used. Which one is undefined.
objc[94649]: Class AMSupportURLSession is implemented in both /usr/lib/libamsupport.dylib (0x1e7eff6c8) and /Library/Apple/System/Library/PrivateFrameworks/MobileDevice.framework/Versions/A/MobileDevice (0x10a9fc318). One of the two will be used. Which one is undefined.

You have not agreed to the Xcode license agreements, please run 'sudo xcodebuild -license' from within a Terminal window to review and agree to the Xcode license agreements.


Compiling the C compiler identification source file "CMakeCCompilerId.c" failed.
Compiler: /usr/bin/cc 
Build flags: 
Id flags: -Aa 

The output was:
69
objc[94653]: Class AMSupportURLConnectionDelegate is implemented in both /usr/lib/libamsupport.dylib (0x1e7eff678) and /Library/Apple/System/Library/PrivateFrameworks/MobileDevice.framework/Versions/A/MobileDevice (0x106a582c8). One of the two will be used. Which one is undefined.
objc[94653]: Class AMSupportURLSession is implemented in both /usr/lib/libamsupport.dylib (0x1e7eff6c8) and /Library/Apple/System/Library/PrivateFrameworks/MobileDevice.framework/Versions/A/MobileDevice (0x106a58318). One of the two will be used. Which one is undefined.

You have not agreed to the Xcode license agreements, please run 'sudo xcodebuild -license' from within a Terminal window to review and agree to the Xcode license agreements.


Compiling the C compiler identification source file "CMakeCCompilerId.c" failed.
Compiler: /usr/bin/cc 
Build flags: 
Id flags: -D__CLASSIC_C__ 

The output was:
69
objc[94655]: Class AMSupportURLConnectionDelegate is implemented in both /usr/lib/libamsupport.dylib (0x1e7eff678) and /Library/Apple/System/Library/PrivateFrameworks/MobileDevice.framework/Versions/A/MobileDevice (0x1065702c8). One of the two will be used. Which one is undefined.
objc[94655]: Class AMSupportURLSession is implemented in both /usr/lib/libamsupport.dylib (0x1e7eff6c8) and /Library/Apple/System/Library/PrivateFrameworks/MobileDevice.framework/Versions/A/MobileDevice (0x106570318). One of the two will be used. Which one is undefined.

You have not agreed to the Xcode license agreements, please run 'sudo xcodebuild -license' from within a Terminal window to review and agree to the Xcode license agreements.


Compiling the C compiler identification source file "CMakeCCompilerId.c" failed.
Compiler: /usr/bin/cc 
Build flags: 
Id flags: --target=arm-arm-none-eabi;-mcpu=cortex-m3 

The output was:
69
objc[94657]: Class AMSupportURLConnectionDelegate is implemented in both /usr/lib/libamsupport.dylib (0x1e7eff678) and /Library/Apple/System/Library/PrivateFrameworks/MobileDevice.framework/Versions/A/MobileDevice (0x10acc82c8). One of the two will be used. Which one is undefined.
objc[94657]: Class AMSupportURLSession is implemented in both /usr/lib/libamsupport.dylib (0x1e7eff6c8) and /Library/Apple/System/Library/PrivateFrameworks/MobileDevice.framework/Versions/A/MobileDevice (0x10acc8318). One of the two will be used. Which one is undefined.

You have not agreed to the Xcode license agreements, please run 'sudo xcodebuild -license' from within a Terminal window to review and agree to the Xcode license agreements.


Compiling the C compiler identification source file "CMakeCCompilerId.c" failed.
Compiler: /usr/bin/cc 
Build flags: 
Id flags: -c;-I__does_not_exist__ 

The output was:
69
objc[94659]: Class AMSupportURLConnectionDelegate is implemented in both /usr/lib/libamsupport.dylib (0x1e7eff678) and /Library/Apple/System/Library/PrivateFrameworks/MobileDevice.framework/Versions/A/MobileDevice (0x1087642c8). One of the two will be used. Which one is undefined.
objc[94659]: Class AMSupportURLSession is implemented in both /usr/lib/libamsupport.dylib (0x1e7eff6c8) and /Library/Apple/System/Library/PrivateFrameworks/MobileDevice.framework/Versions/A/MobileDevice (0x108764318). One of the two will be used. Which one is undefined.

You have not agreed to the Xcode license agreements, please run 'sudo xcodebuild -license' from within a Terminal window to review and agree to the Xcode license agreements.


Compiling the C compiler identification source file "CMakeCCompilerId.c" failed.
Compiler: /usr/bin/cc 
Build flags: 
Id flags:  

The output was:
69
objc[94663]: Class AMSupportURLConnectionDelegate is implemented in both /usr/lib/libamsupport.dylib (0x1e7eff678) and /Library/Apple/System/Library/PrivateFrameworks/MobileDevice.framework/Versions/A/MobileDevice (0x10a41c2c8). One of the two will be used. Which one is undefined.
objc[94663]: Class AMSupportURLSession is implemented in both /usr/lib/libamsupport.dylib (0x1e7eff6c8) and /Library/Apple/System/Library/PrivateFrameworks/MobileDevice.framework/Versions/A/MobileDevice (0x10a41c318). One of the two will be used. Which one is undefined.

You have not agreed to the Xcode license agreements, please run 'sudo xcodebuild -license' from within a Terminal window to review and agree to the Xcode license agreements.


Compiling the C compiler identification source file "CMakeCCompilerId.c" failed.
Compiler: /usr/bin/cc 
Build flags: 
Id flags: -c 

The output was:
69
objc[94665]: Class AMSupportURLConnectionDelegate is implemented in both /usr/lib/libamsupport.dylib (0x1e7eff678) and /Library/Apple/System/Library/PrivateFrameworks/MobileDevice.framework/Versions/A/MobileDevice (0x10a8e82c8). One of the two will be used. Which one is undefined.
objc[94665]: Class AMSupportURLSession is implemented in both /usr/lib/libamsupport.dylib (0x1e7eff6c8) and /Library/Apple/System/Library/PrivateFrameworks/MobileDevice.framework/Versions/A/MobileDevice (0x10a8e8318). One of the two will be used. Which one is undefined.

You have not agreed to the Xcode license agreements, please run 'sudo xcodebuild -license' from within a Terminal window to review and agree to the Xcode license agreements.


Compiling the C compiler identification source file "CMakeCCompilerId.c" failed.
Compiler: /usr/bin/cc 
Build flags: 
Id flags: -Aa 

The output was:
69
objc[94667]: Class AMSupportURLConnectionDelegate is implemented in both /usr/lib/libamsupport.dylib (0x1e7eff678) and /Library/Apple/System/Library/PrivateFrameworks/MobileDevice.framework/Versions/A/MobileDevice (0x106e582c8). One of the two will be used. Which one is undefined.
objc[94667]: Class AMSupportURLSession is implemented in both /usr/lib/libamsupport.dylib (0x1e7eff6c8) and /Library/Apple/System/Library/PrivateFrameworks/MobileDevice.framework/Versions/A/MobileDevice (0x106e58318). One of the two will be used. Which one is undefined.

You have not agreed to the Xcode license agreements, please run 'sudo xcodebuild -license' from within a Terminal window to review and agree to the Xcode license agreements.


Compiling the C compiler identification source file "CMakeCCompilerId.c" failed.
Compiler: /usr/bin/cc 
Build flags: 
Id flags: -D__CLASSIC_C__ 

The output was:
69
objc[94669]: Class AMSupportURLConnectionDelegate is implemented in both /usr/lib/libamsupport.dylib (0x1e7eff678) and /Library/Apple/System/Library/PrivateFrameworks/MobileDevice.framework/Versions/A/MobileDevice (0x10aa082c8). One of the two will be used. Which one is undefined.
objc[94669]: Class AMSupportURLSession is implemented in both /usr/lib/libamsupport.dylib (0x1e7eff6c8) and /Library/Apple/System/Library/PrivateFrameworks/MobileDevice.framework/Versions/A/MobileDevice (0x10aa08318). One of the two will be used. Which one is undefined.

You have not agreed to the Xcode license agreements, please run 'sudo xcodebuild -license' from within a Terminal window to review and agree to the Xcode license agreements.


Compiling the C compiler identification source file "CMakeCCompilerId.c" failed.
Compiler: /usr/bin/cc 
Build flags: 
Id flags: --target=arm-arm-none-eabi;-mcpu=cortex-m3 

The output was:
69
objc[94673]: Class AMSupportURLConnectionDelegate is implemented in both /usr/lib/libamsupport.dylib (0x1e7eff678) and /Library/Apple/System/Library/PrivateFrameworks/MobileDevice.framework/Versions/A/MobileDevice (0x1065742c8). One of the two will be used. Which one is undefined.
objc[94673]: Class AMSupportURLSession is implemented in both /usr/lib/libamsupport.dylib (0x1e7eff6c8) and /Library/Apple/System/Library/PrivateFrameworks/MobileDevice.framework/Versions/A/MobileDevice (0x106574318). One of the two will be used. Which one is undefined.

You have not agreed to the Xcode license agreements, please run 'sudo xcodebuild -license' from within a Terminal window to review and agree to the Xcode license agreements.


Compiling the C compiler identification source file "CMakeCCompilerId.c" failed.
Compiler: /usr/bin/cc 
Build flags: 
Id flags: -c;-I__does_not_exist__ 

The output was:
69
objc[94675]: Class AMSupportURLConnectionDelegate is implemented in both /usr/lib/libamsupport.dylib (0x1e7eff678) and /Library/Apple/System/Library/PrivateFrameworks/MobileDevice.framework/Versions/A/MobileDevice (0x108b002c8). One of the two will be used. Which one is undefined.
objc[94675]: Class AMSupportURLSession is implemented in both /usr/lib/libamsupport.dylib (0x1e7eff6c8) and /Library/Apple/System/Library/PrivateFrameworks/MobileDevice.framework/Versions/A/MobileDevice (0x108b00318). One of the two will be used. Which one is undefined.

You have not agreed to the Xcode license agreements, please run 'sudo xcodebuild -license' from within a Terminal window to review and agree to the Xcode license agreements.


Checking whether the C compiler is IAR using "" did not match "IAR .+ Compiler":
objc[94677]: Class AMSupportURLConnectionDelegate is implemented in both /usr/lib/libamsupport.dylib (0x1e7eff678) and /Library/Apple/System/Library/PrivateFrameworks/MobileDevice.framework/Versions/A/MobileDevice (0x1067482c8). One of the two will be used. Which one is undefined.
objc[94677]: Class AMSupportURLSession is implemented in both /usr/lib/libamsupport.dylib (0x1e7eff6c8) and /Library/Apple/System/Library/PrivateFrameworks/MobileDevice.framework/Versions/A/MobileDevice (0x106748318). One of the two will be used. Which one is undefined.

You have not agreed to the Xcode license agreements, please run 'sudo xcodebuild -license' from within a Terminal window to review and agree to the Xcode license agreements.
Checking whether the C compiler is IAR using "" did not match "IAR .+ Compiler":
objc[94679]: Class AMSupportURLConnectionDelegate is implemented in both /usr/lib/libamsupport.dylib (0x1e7eff678) and /Library/Apple/System/Library/PrivateFrameworks/MobileDevice.framework/Versions/A/MobileDevice (0x10688c2c8). One of the two will be used. Which one is undefined.
objc[94679]: Class AMSupportURLSession is implemented in both /usr/lib/libamsupport.dylib (0x1e7eff6c8) and /Library/Apple/System/Library/PrivateFrameworks/MobileDevice.framework/Versions/A/MobileDevice (0x10688c318). One of the two will be used. Which one is undefined.

You have not agreed to the Xcode license agreements, please run 'sudo xcodebuild -license' from within a Terminal window to review and agree to the Xcode license agreements.
Detecting C compiler ABI info failed to compile with the following output:
Change Dir: /Users/milytopal/CLionProjects/Project_maman14/cmake-build-debug/CMakeFiles/CMakeTmp

Run Build Command(s):/usr/bin/make -f Makefile cmTC_8442b/fast && objc[94685]: Class AMSupportURLConnectionDelegate is implemented in both /usr/lib/libamsupport.dylib (0x1e7eff678) and /Library/Apple/System/Library/PrivateFrameworks/MobileDevice.framework/Versions/A/MobileDevice (0x1081482c8). One of the two will be used. Which one is undefined.
objc[94685]: Class AMSupportURLSession is implemented in both /usr/lib/libamsupport.dylib (0x1e7eff6c8) and /Library/Apple/System/Library/PrivateFrameworks/MobileDevice.framework/Versions/A/MobileDevice (0x108148318). One of the two will be used. Which one is undefined.

You have not agreed to the Xcode license agreements, please run 'sudo xcodebuild -license' from within a Terminal window to review and agree to the Xcode license agreements.




Determining if the C compiler works failed with the following output:
Change Dir: /Users/milytopal/CLionProjects/Project_maman14/cmake-build-debug/CMakeFiles/CMakeTmp

Run Build Command(s):/usr/bin/make -f Makefile cmTC_e386e/fast && objc[94690]: Class AMSupportURLConnectionDelegate is implemented in both /usr/lib/libamsupport.dylib (0x1e7eff678) and /Library/Apple/System/Library/PrivateFrameworks/MobileDevice.framework/Versions/A/MobileDevice (0x10a8d82c8). One of the two will be used. Which one is undefined.
objc[94690]: Class AMSupportURLSession is implemented in both /usr/lib/libamsupport.dylib (0x1e7eff6c8) and /Library/Apple/System/Library/PrivateFrameworks/MobileDevice.framework/Versions/A/MobileDevice (0x10a8d8318). One of the two will be used. Which one is undefined.

You have not agreed to the Xcode license agreements, please run 'sudo xcodebuild -license' from within a Terminal window to review and agree to the Xcode license agreements.



